<?xml version="1.0" encoding="UTF-8"?>
<!-- Generated by org.testng.reporters.JUnitReportReporter -->
<testsuite hostname="Bobs-Mac-mini.attlocal.net" failures="0" tests="1" name="TestApp" time="0.008" errors="0" timestamp="2021-11-22T23:00:36 PST" skipped="0">
  <testcase classname="TestApp" name="testStackQueue" time="0.008"/>
  <system-out/>
</testsuite> <!-- TestApp -->
